Synthesis report for project OscClkExample
Date : Jan 18 2020  11:18:59
Copyright (C) 2013 - 2019 Efinix Inc. All rights reserved.

### ### ### ### ### ### ### ### ### ### ### ### ### ### ###

Top-level Entity Name : top_module
### ### File List (begin) ### ### ###
C:/Users/mwola/OneDrive/Coding/2020/HackFRee-Workshop-2020/OscClkExample/OscClkExample.v (verilog_2k)
### ### File List (end) ### ### ###

### ### Pre-optimizations and mapping (begin) ### ### ###

Mapping success.
### ### Mapping (end) ### ### ###

### ### Post-optimizations and re-synthesis (begin) ### ### ###

Post-optimizations and re-synthesis success.
### ### Post-optimizations and re-synthesis (end) ### ### ###

### ### EFX_FF CE enables (begin) ### ### ###
Total number of enable signals: 1
Enable signal <vcc>, number of controlling flip flops: 16
### ### EFX FF CE enables (end) ### ### ###

### ### Module Resource Usage Distribution Estimates (begin) ### ###

**Note: some resources maybe grouped under different hierarchy due to optimization and LUT mapping

Module                         FFs        ADDs        LUTs      RAMs     MULTs
----------------------         ---        ----        ----      ----     -----
top_module:top_module       16(16)      15(15)        2(2)      0(0)      0(0)

### ### Module Resource Usage Distribution Estimates (end) ### ###

### ### Clock Load Distribution Report (begin) ### ###

 Clock     Flip-Flops   Memory Ports    Multipliers
 -----     ----------   ------------    -----------
   clk             16              0              0

### ### Clock Load Distribution Report (end) ### ###

### ### EFX Flow Options (begin) ### ### ###

family : Trion
device : T8F81
project : OscClkExample
root : top_module
I : C:/Users/mwola/OneDrive/Coding/2020/HackFRee-Workshop-2020/OscClkExample
output-dir : C:/Users/mwola/OneDrive/Coding/2020/HackFRee-Workshop-2020/OscClkExample/outflow
work-dir : C:/Users/mwola/OneDrive/Coding/2020/HackFRee-Workshop-2020/OscClkExample/work_syn
write-efx-verilog : C:/Users/mwola/OneDrive/Coding/2020/HackFRee-Workshop-2020/OscClkExample/outflow/OscClkExample.map.v
binary-db : C:/Users/mwola/OneDrive/Coding/2020/HackFRee-Workshop-2020/OscClkExample/OscClkExample.vdb
insert-ios : 0
num_mult18 : -1
num_ram_5k : -1
syn_options : mode=speed
veri_options : verilog_mode=verilog_2k,vhdl_mode=vhdl_2008

### ### EFX Flow Options (end) ### ### ###

### ### Resource Summary (begin) ### ### ### 
INPUT  PORTS    : 	1
OUTPUT PORTS    : 	2

EFX_ADD         : 	15
EFX_LUT4        : 	2
   1-2  Inputs  : 	2
   3    Inputs  : 	0
   4    Inputs  : 	0
EFX_FF          : 	16
EFX_GBUFCE      : 	1
### ### Resource Summary (end) ### ### ###

Plain synthesis (without verilog dump and post-map checks) time : 0s
Elapsed synthesis time : 0s
