
Efinix FPGA Placement and Routing.
Version: 2019.3.272 
Date: Sat Jan 18 11:19:06 2020

Copyright (C) 2013 - 2019 Efinix Inc. All rights reserved.
 
Family: Trion 
Device: T8F81
Top-level Entity Name: OscClkExample

---------- Resource Summary (begin) ----------
Inputs: 1 / 96 (1.04%)
Outputs: 2 / 113 (1.77%)
Clocks: 1 / 16 (6.25%)
Logic Elements: 20 / 7384 (0.27%)
	LE: LUTs/Adders: 19 / 7384 (0.26%)
	LE: Registers: 16 / 5280 (0.30%)
Memory Blocks: 0 / 24 (0.00%)
Multipliers: 0 / 8 (0.00%)
---------- Resource Summary (end) ----------

Elapsed time for packing: 0 hours 0 minutes 0 seconds

---------- IO Interface Summary (begin) ----------

+------------------------+--------------+
| Missing Interface Pins | Input/Output |
+------------------------+--------------+
|          btn1          |    Input     |
+------------------------+--------------+

----------- IO Interface Summary (end) ----------

Elapsed time for placement: 0 hours 0 minutes 1 seconds
