[EFX-0009 VERI-INFO] The default VHDL library search path is now "C:/Efinity/2019.3/sim_models/vhdl/packages/vhdl_2008" (VHDL-1504)
[EFX-0009 VERI-INFO] (C:/Efinity/2019.3/sim_models/maplib/efinix_maplib.v 6) compiling module 'EFX_ADD' (VERI-1018)
[EFX-0009 VERI-INFO] (C:/Efinity/2019.3/sim_models/maplib/efinix_maplib.v 19) compiling module 'EFX_FF' (VERI-1018)
[EFX-0009 VERI-INFO] (C:/Efinity/2019.3/sim_models/maplib/efinix_maplib.v 36) compiling module 'EFX_GBUFCE' (VERI-1018)
[EFX-0009 VERI-INFO] (C:/Efinity/2019.3/sim_models/maplib/efinix_maplib.v 45) compiling module 'EFX_IDDR' (VERI-1018)
[EFX-0009 VERI-INFO] (C:/Efinity/2019.3/sim_models/maplib/efinix_maplib.v 59) compiling module 'EFX_ODDR' (VERI-1018)
[EFX-0009 VERI-INFO] (C:/Efinity/2019.3/sim_models/maplib/efinix_maplib.v 75) compiling module 'EFX_IOBUF' (VERI-1018)
[EFX-0009 VERI-INFO] (C:/Efinity/2019.3/sim_models/maplib/efinix_maplib.v 87) compiling module 'EFX_LUT4' (VERI-1018)
[EFX-0009 VERI-INFO] (C:/Efinity/2019.3/sim_models/maplib/efinix_maplib.v 95) compiling module 'EFX_MULT' (VERI-1018)
[EFX-0009 VERI-INFO] (C:/Efinity/2019.3/sim_models/maplib/efinix_maplib.v 130) compiling module 'EFX_RAM_4K' (VERI-1018)
[EFX-0009 VERI-INFO] (C:/Efinity/2019.3/sim_models/maplib/efinix_maplib.v 190) compiling module 'EFX_RAM_5K' (VERI-1018)
[EFX-0009 VERI-INFO] (C:/Efinity/2019.3/sim_models/maplib/efinix_maplib.v 262) compiling module 'EFX_DPRAM_5K' (VERI-1018)
[EFX-0009 VERI-INFO] (C:/Efinity/2019.3/sim_models/maplib/efinix_maplib.v 367) compiling module 'RAMB5' (VERI-1018)
[EFX-0009 VERI-INFO] (C:/Efinity/2019.3/sim_models/maplib/efinix_maplib.v 429) compiling module 'EFX_RAM_10K' (VERI-1018)
[EFX-0009 VERI-INFO] (C:/Users/mwola/OneDrive/Coding/2020/HackFRee-Workshop-2020/PllClkExample/top.v 1) compiling module 'top_module' (VERI-1018)
[EFX-0000 INFO] Setting Synthesis Option: mode=speed
[EFX-0009 VERI-INFO] (C:/Efinity/2019.3/sim_models/maplib/efinix_maplib.v 6) compiling module 'EFX_ADD' (VERI-1018)
[EFX-0009 VERI-INFO] (C:/Efinity/2019.3/sim_models/maplib/efinix_maplib.v 19) compiling module 'EFX_FF' (VERI-1018)
[EFX-0009 VERI-INFO] (C:/Efinity/2019.3/sim_models/maplib/efinix_maplib.v 36) compiling module 'EFX_GBUFCE' (VERI-1018)
[EFX-0009 VERI-INFO] (C:/Efinity/2019.3/sim_models/maplib/efinix_maplib.v 45) compiling module 'EFX_IDDR' (VERI-1018)
[EFX-0009 VERI-INFO] (C:/Efinity/2019.3/sim_models/maplib/efinix_maplib.v 59) compiling module 'EFX_ODDR' (VERI-1018)
[EFX-0009 VERI-INFO] (C:/Efinity/2019.3/sim_models/maplib/efinix_maplib.v 75) compiling module 'EFX_IOBUF' (VERI-1018)
[EFX-0009 VERI-INFO] (C:/Efinity/2019.3/sim_models/maplib/efinix_maplib.v 87) compiling module 'EFX_LUT4' (VERI-1018)
[EFX-0009 VERI-INFO] (C:/Efinity/2019.3/sim_models/maplib/efinix_maplib.v 95) compiling module 'EFX_MULT' (VERI-1018)
[EFX-0009 VERI-INFO] (C:/Efinity/2019.3/sim_models/maplib/efinix_maplib.v 130) compiling module 'EFX_RAM_4K' (VERI-1018)
[EFX-0009 VERI-INFO] (C:/Efinity/2019.3/sim_models/maplib/efinix_maplib.v 190) compiling module 'EFX_RAM_5K' (VERI-1018)
[EFX-0009 VERI-INFO] (C:/Efinity/2019.3/sim_models/maplib/efinix_maplib.v 262) compiling module 'EFX_DPRAM_5K' (VERI-1018)
[EFX-0009 VERI-INFO] (C:/Efinity/2019.3/sim_models/maplib/efinix_maplib.v 367) compiling module 'RAMB5' (VERI-1018)
[EFX-0009 VERI-INFO] (C:/Efinity/2019.3/sim_models/maplib/efinix_maplib.v 429) compiling module 'EFX_RAM_10K' (VERI-1018)
[EFX-0000 INFO] ... Pre-synthesis checks begin
[EFX-0000 INFO] ... Pre-synthesis checks end (Real time : 0s)
[EFX-0000 INFO] ... NameSpace init begin
[EFX-0000 INFO] ... NameSpace init end (Real time : 0s)
[EFX-0000 INFO] ... Mapping design "top_module"
[EFX-0000 INFO] ... Hierarchical pre-synthesis "top_module" begin
[EFX-0000 INFO] ... Hierarchical pre-synthesis "top_module" end (Real time : 0s)
[EFX-0000 INFO] ... Flat optimizations begin
[EFX-0000 INFO] ... Flat optimizations end (Real time : 0s)
[EFX-0000 INFO] ... Flat synthesis begin
[EFX-0000 INFO] ... Flat synthesis end (Real time : 0s)
[EFX-0000 INFO] ... Flat optimizations begin
[EFX-0000 INFO] ... Flat optimizations end (Real time : 0s)
[EFX-0000 INFO] ... Check and break combinational loops begin
[EFX-0000 INFO] ... Check and break combinational loops end (Real time : 0s)
[EFX-0000 INFO] ... Top level netlist RUSHC IOs pre-synthesis begin
[EFX-0000 INFO] ... SOP modeling begin
[EFX-0000 INFO] ... SOP modeling end (Real time : 0s)
[EFX-0000 INFO] ... LUT mapping begin
[EFX-0000 INFO] ... LS, strategy: 3, nd: 1, ed: 2, lv: 2
[EFX-0000 INFO] ... LUT mapping end (Real time : 0s)
[EFX-0000 INFO] ... Post-synthesis Verific netlist creation begin
[EFX-0000 INFO] ... Post-synthesis Verific netlist creation end (Real time : 0s)
[EFX-0000 INFO] ... Top level netlist RUSHC IOs pre-synthesis end (Real time : 0s)
[EFX-0000 INFO] ... Post-synthesis Verific netlist unification/params processing begin
[EFX-0000 INFO] ... Post-synthesis Verific netlist unification/params processing end (Real time : 0s)
[EFX-0000 INFO] Resource Summary 
[EFX-0000 INFO] =============================== 
[EFX-0000 INFO] EFX_ADD         : 	15
[EFX-0000 INFO] EFX_LUT4        : 	2
[EFX-0000 INFO] EFX_FF          : 	16
[EFX-0000 INFO] EFX_GBUFCE      : 	1
[EFX-0000 INFO] =============================== 
[EFX-0009 VERI-INFO] The default VHDL library search path is now "C:/Efinity/2019.3/sim_models/vhdl/packages/vhdl_2008" (VHDL-1504)
[EFX-0009 VERI-INFO] (C:/Efinity/2019.3/sim_models/maplib/efinix_maplib.v 6) compiling module 'EFX_ADD' (VERI-1018)
[EFX-0009 VERI-INFO] (C:/Efinity/2019.3/sim_models/maplib/efinix_maplib.v 19) compiling module 'EFX_FF' (VERI-1018)
[EFX-0009 VERI-INFO] (C:/Efinity/2019.3/sim_models/maplib/efinix_maplib.v 36) compiling module 'EFX_GBUFCE' (VERI-1018)
[EFX-0009 VERI-INFO] (C:/Efinity/2019.3/sim_models/maplib/efinix_maplib.v 45) compiling module 'EFX_IDDR' (VERI-1018)
[EFX-0009 VERI-INFO] (C:/Efinity/2019.3/sim_models/maplib/efinix_maplib.v 59) compiling module 'EFX_ODDR' (VERI-1018)
[EFX-0009 VERI-INFO] (C:/Efinity/2019.3/sim_models/maplib/efinix_maplib.v 75) compiling module 'EFX_IOBUF' (VERI-1018)
[EFX-0009 VERI-INFO] (C:/Efinity/2019.3/sim_models/maplib/efinix_maplib.v 87) compiling module 'EFX_LUT4' (VERI-1018)
[EFX-0009 VERI-INFO] (C:/Efinity/2019.3/sim_models/maplib/efinix_maplib.v 95) compiling module 'EFX_MULT' (VERI-1018)
[EFX-0009 VERI-INFO] (C:/Efinity/2019.3/sim_models/maplib/efinix_maplib.v 130) compiling module 'EFX_RAM_4K' (VERI-1018)
[EFX-0009 VERI-INFO] (C:/Efinity/2019.3/sim_models/maplib/efinix_maplib.v 190) compiling module 'EFX_RAM_5K' (VERI-1018)
[EFX-0009 VERI-INFO] (C:/Efinity/2019.3/sim_models/maplib/efinix_maplib.v 262) compiling module 'EFX_DPRAM_5K' (VERI-1018)
[EFX-0009 VERI-INFO] (C:/Efinity/2019.3/sim_models/maplib/efinix_maplib.v 367) compiling module 'RAMB5' (VERI-1018)
[EFX-0009 VERI-INFO] (C:/Efinity/2019.3/sim_models/maplib/efinix_maplib.v 429) compiling module 'EFX_RAM_10K' (VERI-1018)
[EFX-0009 VERI-INFO] (C:/Users/mwola/OneDrive/Coding/2020/HackFRee-Workshop-2020/PllClkExample/top.v 1) compiling module 'top_module' (VERI-1018)
[EFX-0000 INFO] Setting Synthesis Option: mode=speed
[EFX-0009 VERI-INFO] (C:/Efinity/2019.3/sim_models/maplib/efinix_maplib.v 6) compiling module 'EFX_ADD' (VERI-1018)
[EFX-0009 VERI-INFO] (C:/Efinity/2019.3/sim_models/maplib/efinix_maplib.v 19) compiling module 'EFX_FF' (VERI-1018)
[EFX-0009 VERI-INFO] (C:/Efinity/2019.3/sim_models/maplib/efinix_maplib.v 36) compiling module 'EFX_GBUFCE' (VERI-1018)
[EFX-0009 VERI-INFO] (C:/Efinity/2019.3/sim_models/maplib/efinix_maplib.v 45) compiling module 'EFX_IDDR' (VERI-1018)
[EFX-0009 VERI-INFO] (C:/Efinity/2019.3/sim_models/maplib/efinix_maplib.v 59) compiling module 'EFX_ODDR' (VERI-1018)
[EFX-0009 VERI-INFO] (C:/Efinity/2019.3/sim_models/maplib/efinix_maplib.v 75) compiling module 'EFX_IOBUF' (VERI-1018)
[EFX-0009 VERI-INFO] (C:/Efinity/2019.3/sim_models/maplib/efinix_maplib.v 87) compiling module 'EFX_LUT4' (VERI-1018)
[EFX-0009 VERI-INFO] (C:/Efinity/2019.3/sim_models/maplib/efinix_maplib.v 95) compiling module 'EFX_MULT' (VERI-1018)
[EFX-0009 VERI-INFO] (C:/Efinity/2019.3/sim_models/maplib/efinix_maplib.v 130) compiling module 'EFX_RAM_4K' (VERI-1018)
[EFX-0009 VERI-INFO] (C:/Efinity/2019.3/sim_models/maplib/efinix_maplib.v 190) compiling module 'EFX_RAM_5K' (VERI-1018)
[EFX-0009 VERI-INFO] (C:/Efinity/2019.3/sim_models/maplib/efinix_maplib.v 262) compiling module 'EFX_DPRAM_5K' (VERI-1018)
[EFX-0009 VERI-INFO] (C:/Efinity/2019.3/sim_models/maplib/efinix_maplib.v 367) compiling module 'RAMB5' (VERI-1018)
[EFX-0009 VERI-INFO] (C:/Efinity/2019.3/sim_models/maplib/efinix_maplib.v 429) compiling module 'EFX_RAM_10K' (VERI-1018)
[EFX-0000 INFO] ... Pre-synthesis checks begin
[EFX-0000 INFO] ... Pre-synthesis checks end (Real time : 0s)
[EFX-0000 INFO] ... NameSpace init begin
[EFX-0000 INFO] ... NameSpace init end (Real time : 0s)
[EFX-0000 INFO] ... Mapping design "top_module"
[EFX-0000 INFO] ... Hierarchical pre-synthesis "top_module" begin
[EFX-0000 INFO] ... Hierarchical pre-synthesis "top_module" end (Real time : 0s)
[EFX-0000 INFO] ... Flat optimizations begin
[EFX-0000 INFO] ... Flat optimizations end (Real time : 0s)
[EFX-0000 INFO] ... Flat synthesis begin
[EFX-0000 INFO] ... Flat synthesis end (Real time : 0s)
[EFX-0000 INFO] ... Flat optimizations begin
[EFX-0000 INFO] ... Flat optimizations end (Real time : 0s)
[EFX-0000 INFO] ... Check and break combinational loops begin
[EFX-0000 INFO] ... Check and break combinational loops end (Real time : 0s)
[EFX-0000 INFO] ... Top level netlist RUSHC IOs pre-synthesis begin
[EFX-0000 INFO] ... SOP modeling begin
[EFX-0000 INFO] ... SOP modeling end (Real time : 0s)
[EFX-0000 INFO] ... LUT mapping begin
[EFX-0000 INFO] ... LS, strategy: 3, nd: 1, ed: 2, lv: 2
[EFX-0000 INFO] ... LUT mapping end (Real time : 0s)
[EFX-0000 INFO] ... Post-synthesis Verific netlist creation begin
[EFX-0000 INFO] ... Post-synthesis Verific netlist creation end (Real time : 0s)
[EFX-0000 INFO] ... Top level netlist RUSHC IOs pre-synthesis end (Real time : 0s)
[EFX-0000 INFO] ... Post-synthesis Verific netlist unification/params processing begin
[EFX-0000 INFO] ... Post-synthesis Verific netlist unification/params processing end (Real time : 0s)
[EFX-0000 INFO] Resource Summary 
[EFX-0000 INFO] =============================== 
[EFX-0000 INFO] EFX_ADD         : 	31
[EFX-0000 INFO] EFX_LUT4        : 	2
[EFX-0000 INFO] EFX_FF          : 	32
[EFX-0000 INFO] EFX_GBUFCE      : 	1
[EFX-0000 INFO] =============================== 
[EFX-0009 VERI-INFO] The default VHDL library search path is now "C:/Efinity/2019.3/sim_models/vhdl/packages/vhdl_2008" (VHDL-1504)
[EFX-0009 VERI-INFO] (C:/Efinity/2019.3/sim_models/maplib/efinix_maplib.v 6) compiling module 'EFX_ADD' (VERI-1018)
[EFX-0009 VERI-INFO] (C:/Efinity/2019.3/sim_models/maplib/efinix_maplib.v 19) compiling module 'EFX_FF' (VERI-1018)
[EFX-0009 VERI-INFO] (C:/Efinity/2019.3/sim_models/maplib/efinix_maplib.v 36) compiling module 'EFX_GBUFCE' (VERI-1018)
[EFX-0009 VERI-INFO] (C:/Efinity/2019.3/sim_models/maplib/efinix_maplib.v 45) compiling module 'EFX_IDDR' (VERI-1018)
[EFX-0009 VERI-INFO] (C:/Efinity/2019.3/sim_models/maplib/efinix_maplib.v 59) compiling module 'EFX_ODDR' (VERI-1018)
[EFX-0009 VERI-INFO] (C:/Efinity/2019.3/sim_models/maplib/efinix_maplib.v 75) compiling module 'EFX_IOBUF' (VERI-1018)
[EFX-0009 VERI-INFO] (C:/Efinity/2019.3/sim_models/maplib/efinix_maplib.v 87) compiling module 'EFX_LUT4' (VERI-1018)
[EFX-0009 VERI-INFO] (C:/Efinity/2019.3/sim_models/maplib/efinix_maplib.v 95) compiling module 'EFX_MULT' (VERI-1018)
[EFX-0009 VERI-INFO] (C:/Efinity/2019.3/sim_models/maplib/efinix_maplib.v 130) compiling module 'EFX_RAM_4K' (VERI-1018)
[EFX-0009 VERI-INFO] (C:/Efinity/2019.3/sim_models/maplib/efinix_maplib.v 190) compiling module 'EFX_RAM_5K' (VERI-1018)
[EFX-0009 VERI-INFO] (C:/Efinity/2019.3/sim_models/maplib/efinix_maplib.v 262) compiling module 'EFX_DPRAM_5K' (VERI-1018)
[EFX-0009 VERI-INFO] (C:/Efinity/2019.3/sim_models/maplib/efinix_maplib.v 367) compiling module 'RAMB5' (VERI-1018)
[EFX-0009 VERI-INFO] (C:/Efinity/2019.3/sim_models/maplib/efinix_maplib.v 429) compiling module 'EFX_RAM_10K' (VERI-1018)
[EFX-0009 VERI-INFO] (C:/Users/mwola/OneDrive/Coding/2020/HackFRee-Workshop-2020/PllClkExample/top.v 1) compiling module 'top_module' (VERI-1018)
[EFX-0000 INFO] Setting Synthesis Option: mode=speed
[EFX-0009 VERI-INFO] (C:/Efinity/2019.3/sim_models/maplib/efinix_maplib.v 6) compiling module 'EFX_ADD' (VERI-1018)
[EFX-0009 VERI-INFO] (C:/Efinity/2019.3/sim_models/maplib/efinix_maplib.v 19) compiling module 'EFX_FF' (VERI-1018)
[EFX-0009 VERI-INFO] (C:/Efinity/2019.3/sim_models/maplib/efinix_maplib.v 36) compiling module 'EFX_GBUFCE' (VERI-1018)
[EFX-0009 VERI-INFO] (C:/Efinity/2019.3/sim_models/maplib/efinix_maplib.v 45) compiling module 'EFX_IDDR' (VERI-1018)
[EFX-0009 VERI-INFO] (C:/Efinity/2019.3/sim_models/maplib/efinix_maplib.v 59) compiling module 'EFX_ODDR' (VERI-1018)
[EFX-0009 VERI-INFO] (C:/Efinity/2019.3/sim_models/maplib/efinix_maplib.v 75) compiling module 'EFX_IOBUF' (VERI-1018)
[EFX-0009 VERI-INFO] (C:/Efinity/2019.3/sim_models/maplib/efinix_maplib.v 87) compiling module 'EFX_LUT4' (VERI-1018)
[EFX-0009 VERI-INFO] (C:/Efinity/2019.3/sim_models/maplib/efinix_maplib.v 95) compiling module 'EFX_MULT' (VERI-1018)
[EFX-0009 VERI-INFO] (C:/Efinity/2019.3/sim_models/maplib/efinix_maplib.v 130) compiling module 'EFX_RAM_4K' (VERI-1018)
[EFX-0009 VERI-INFO] (C:/Efinity/2019.3/sim_models/maplib/efinix_maplib.v 190) compiling module 'EFX_RAM_5K' (VERI-1018)
[EFX-0009 VERI-INFO] (C:/Efinity/2019.3/sim_models/maplib/efinix_maplib.v 262) compiling module 'EFX_DPRAM_5K' (VERI-1018)
[EFX-0009 VERI-INFO] (C:/Efinity/2019.3/sim_models/maplib/efinix_maplib.v 367) compiling module 'RAMB5' (VERI-1018)
[EFX-0009 VERI-INFO] (C:/Efinity/2019.3/sim_models/maplib/efinix_maplib.v 429) compiling module 'EFX_RAM_10K' (VERI-1018)
[EFX-0000 INFO] ... Pre-synthesis checks begin
[EFX-0000 INFO] ... Pre-synthesis checks end (Real time : 0s)
[EFX-0000 INFO] ... NameSpace init begin
[EFX-0000 INFO] ... NameSpace init end (Real time : 0s)
[EFX-0000 INFO] ... Mapping design "top_module"
[EFX-0000 INFO] ... Hierarchical pre-synthesis "top_module" begin
[EFX-0000 INFO] ... Hierarchical pre-synthesis "top_module" end (Real time : 0s)
[EFX-0000 INFO] ... Flat optimizations begin
[EFX-0000 INFO] ... Flat optimizations end (Real time : 0s)
[EFX-0000 INFO] ... Flat synthesis begin
[EFX-0000 INFO] ... Flat synthesis end (Real time : 0s)
[EFX-0000 INFO] ... Flat optimizations begin
[EFX-0000 INFO] ... Flat optimizations end (Real time : 0s)
[EFX-0000 INFO] ... Check and break combinational loops begin
[EFX-0000 INFO] ... Check and break combinational loops end (Real time : 0s)
[EFX-0000 INFO] ... Top level netlist RUSHC IOs pre-synthesis begin
[EFX-0000 INFO] ... SOP modeling begin
[EFX-0000 INFO] ... SOP modeling end (Real time : 0s)
[EFX-0000 INFO] ... LUT mapping begin
[EFX-0000 INFO] ... LS, strategy: 3, nd: 1, ed: 2, lv: 2
[EFX-0000 INFO] ... LUT mapping end (Real time : 0s)
[EFX-0000 INFO] ... Post-synthesis Verific netlist creation begin
[EFX-0000 INFO] ... Post-synthesis Verific netlist creation end (Real time : 0s)
[EFX-0000 INFO] ... Top level netlist RUSHC IOs pre-synthesis end (Real time : 0s)
[EFX-0000 INFO] ... Post-synthesis Verific netlist unification/params processing begin
[EFX-0000 INFO] ... Post-synthesis Verific netlist unification/params processing end (Real time : 0s)
[EFX-0000 INFO] Resource Summary 
[EFX-0000 INFO] =============================== 
[EFX-0000 INFO] EFX_ADD         : 	19
[EFX-0000 INFO] EFX_LUT4        : 	2
[EFX-0000 INFO] EFX_FF          : 	20
[EFX-0000 INFO] EFX_GBUFCE      : 	1
[EFX-0000 INFO] =============================== 
[EFX-0009 VERI-INFO] The default VHDL library search path is now "C:/Efinity/2019.3/sim_models/vhdl/packages/vhdl_2008" (VHDL-1504)
[EFX-0009 VERI-INFO] (C:/Efinity/2019.3/sim_models/maplib/efinix_maplib.v 6) compiling module 'EFX_ADD' (VERI-1018)
[EFX-0009 VERI-INFO] (C:/Efinity/2019.3/sim_models/maplib/efinix_maplib.v 19) compiling module 'EFX_FF' (VERI-1018)
[EFX-0009 VERI-INFO] (C:/Efinity/2019.3/sim_models/maplib/efinix_maplib.v 36) compiling module 'EFX_GBUFCE' (VERI-1018)
[EFX-0009 VERI-INFO] (C:/Efinity/2019.3/sim_models/maplib/efinix_maplib.v 45) compiling module 'EFX_IDDR' (VERI-1018)
[EFX-0009 VERI-INFO] (C:/Efinity/2019.3/sim_models/maplib/efinix_maplib.v 59) compiling module 'EFX_ODDR' (VERI-1018)
[EFX-0009 VERI-INFO] (C:/Efinity/2019.3/sim_models/maplib/efinix_maplib.v 75) compiling module 'EFX_IOBUF' (VERI-1018)
[EFX-0009 VERI-INFO] (C:/Efinity/2019.3/sim_models/maplib/efinix_maplib.v 87) compiling module 'EFX_LUT4' (VERI-1018)
[EFX-0009 VERI-INFO] (C:/Efinity/2019.3/sim_models/maplib/efinix_maplib.v 95) compiling module 'EFX_MULT' (VERI-1018)
[EFX-0009 VERI-INFO] (C:/Efinity/2019.3/sim_models/maplib/efinix_maplib.v 130) compiling module 'EFX_RAM_4K' (VERI-1018)
[EFX-0009 VERI-INFO] (C:/Efinity/2019.3/sim_models/maplib/efinix_maplib.v 190) compiling module 'EFX_RAM_5K' (VERI-1018)
[EFX-0009 VERI-INFO] (C:/Efinity/2019.3/sim_models/maplib/efinix_maplib.v 262) compiling module 'EFX_DPRAM_5K' (VERI-1018)
[EFX-0009 VERI-INFO] (C:/Efinity/2019.3/sim_models/maplib/efinix_maplib.v 367) compiling module 'RAMB5' (VERI-1018)
[EFX-0009 VERI-INFO] (C:/Efinity/2019.3/sim_models/maplib/efinix_maplib.v 429) compiling module 'EFX_RAM_10K' (VERI-1018)
[EFX-0009 VERI-INFO] (C:/Users/mwola/OneDrive/Coding/2020/HackFRee-Workshop-2020/PllClkExample/top.v 1) compiling module 'top_module' (VERI-1018)
[EFX-0000 INFO] Setting Synthesis Option: mode=speed
[EFX-0009 VERI-INFO] (C:/Efinity/2019.3/sim_models/maplib/efinix_maplib.v 6) compiling module 'EFX_ADD' (VERI-1018)
[EFX-0009 VERI-INFO] (C:/Efinity/2019.3/sim_models/maplib/efinix_maplib.v 19) compiling module 'EFX_FF' (VERI-1018)
[EFX-0009 VERI-INFO] (C:/Efinity/2019.3/sim_models/maplib/efinix_maplib.v 36) compiling module 'EFX_GBUFCE' (VERI-1018)
[EFX-0009 VERI-INFO] (C:/Efinity/2019.3/sim_models/maplib/efinix_maplib.v 45) compiling module 'EFX_IDDR' (VERI-1018)
[EFX-0009 VERI-INFO] (C:/Efinity/2019.3/sim_models/maplib/efinix_maplib.v 59) compiling module 'EFX_ODDR' (VERI-1018)
[EFX-0009 VERI-INFO] (C:/Efinity/2019.3/sim_models/maplib/efinix_maplib.v 75) compiling module 'EFX_IOBUF' (VERI-1018)
[EFX-0009 VERI-INFO] (C:/Efinity/2019.3/sim_models/maplib/efinix_maplib.v 87) compiling module 'EFX_LUT4' (VERI-1018)
[EFX-0009 VERI-INFO] (C:/Efinity/2019.3/sim_models/maplib/efinix_maplib.v 95) compiling module 'EFX_MULT' (VERI-1018)
[EFX-0009 VERI-INFO] (C:/Efinity/2019.3/sim_models/maplib/efinix_maplib.v 130) compiling module 'EFX_RAM_4K' (VERI-1018)
[EFX-0009 VERI-INFO] (C:/Efinity/2019.3/sim_models/maplib/efinix_maplib.v 190) compiling module 'EFX_RAM_5K' (VERI-1018)
[EFX-0009 VERI-INFO] (C:/Efinity/2019.3/sim_models/maplib/efinix_maplib.v 262) compiling module 'EFX_DPRAM_5K' (VERI-1018)
[EFX-0009 VERI-INFO] (C:/Efinity/2019.3/sim_models/maplib/efinix_maplib.v 367) compiling module 'RAMB5' (VERI-1018)
[EFX-0009 VERI-INFO] (C:/Efinity/2019.3/sim_models/maplib/efinix_maplib.v 429) compiling module 'EFX_RAM_10K' (VERI-1018)
[EFX-0000 INFO] ... Pre-synthesis checks begin
[EFX-0000 INFO] ... Pre-synthesis checks end (Real time : 0s)
[EFX-0000 INFO] ... NameSpace init begin
[EFX-0000 INFO] ... NameSpace init end (Real time : 0s)
[EFX-0000 INFO] ... Mapping design "top_module"
[EFX-0000 INFO] ... Hierarchical pre-synthesis "top_module" begin
[EFX-0000 INFO] ... Hierarchical pre-synthesis "top_module" end (Real time : 0s)
[EFX-0000 INFO] ... Flat optimizations begin
[EFX-0000 INFO] ... Flat optimizations end (Real time : 0s)
[EFX-0000 INFO] ... Flat synthesis begin
[EFX-0000 INFO] ... Flat synthesis end (Real time : 0s)
[EFX-0000 INFO] ... Flat optimizations begin
[EFX-0000 INFO] ... Flat optimizations end (Real time : 0s)
[EFX-0000 INFO] ... Check and break combinational loops begin
[EFX-0000 INFO] ... Check and break combinational loops end (Real time : 0s)
[EFX-0000 INFO] ... Top level netlist RUSHC IOs pre-synthesis begin
[EFX-0000 INFO] ... SOP modeling begin
[EFX-0000 INFO] ... SOP modeling end (Real time : 0s)
[EFX-0000 INFO] ... LUT mapping begin
[EFX-0000 INFO] ... LS, strategy: 3, nd: 1, ed: 2, lv: 2
[EFX-0000 INFO] ... LUT mapping end (Real time : 0s)
[EFX-0000 INFO] ... Post-synthesis Verific netlist creation begin
[EFX-0000 INFO] ... Post-synthesis Verific netlist creation end (Real time : 0s)
[EFX-0000 INFO] ... Top level netlist RUSHC IOs pre-synthesis end (Real time : 0s)
[EFX-0000 INFO] ... Post-synthesis Verific netlist unification/params processing begin
[EFX-0000 INFO] ... Post-synthesis Verific netlist unification/params processing end (Real time : 0s)
[EFX-0000 INFO] Resource Summary 
[EFX-0000 INFO] =============================== 
[EFX-0000 INFO] EFX_ADD         : 	23
[EFX-0000 INFO] EFX_LUT4        : 	2
[EFX-0000 INFO] EFX_FF          : 	24
[EFX-0000 INFO] EFX_GBUFCE      : 	1
[EFX-0000 INFO] =============================== 
[EFX-0009 VERI-INFO] The default VHDL library search path is now "C:/Efinity/2019.3/sim_models/vhdl/packages/vhdl_2008" (VHDL-1504)
[EFX-0007 VERI-ERROR] (C:/Users/mwola/OneDrive/Coding/2020/HackFRee-Workshop-2020/PllClkExample/top.v 9) 'pll_inst1_CLKOUT0' is not declared (VERI-1128)
[EFX-0007 VERI-ERROR] (C:/Users/mwola/OneDrive/Coding/2020/HackFRee-Workshop-2020/PllClkExample/top.v 10) 'pll_inst1_LOCKED' is not declared (VERI-1128)
[EFX-0007 VERI-ERROR] (C:/Users/mwola/OneDrive/Coding/2020/HackFRee-Workshop-2020/PllClkExample/top.v 15) module 'top_module' ignored due to previous errors (VERI-1072)
[EFX-0009 VERI-INFO] The default VHDL library search path is now "C:/Efinity/2019.3/sim_models/vhdl/packages/vhdl_2008" (VHDL-1504)
[EFX-0009 VERI-INFO] (C:/Efinity/2019.3/sim_models/maplib/efinix_maplib.v 6) compiling module 'EFX_ADD' (VERI-1018)
[EFX-0009 VERI-INFO] (C:/Efinity/2019.3/sim_models/maplib/efinix_maplib.v 19) compiling module 'EFX_FF' (VERI-1018)
[EFX-0009 VERI-INFO] (C:/Efinity/2019.3/sim_models/maplib/efinix_maplib.v 36) compiling module 'EFX_GBUFCE' (VERI-1018)
[EFX-0009 VERI-INFO] (C:/Efinity/2019.3/sim_models/maplib/efinix_maplib.v 45) compiling module 'EFX_IDDR' (VERI-1018)
[EFX-0009 VERI-INFO] (C:/Efinity/2019.3/sim_models/maplib/efinix_maplib.v 59) compiling module 'EFX_ODDR' (VERI-1018)
[EFX-0009 VERI-INFO] (C:/Efinity/2019.3/sim_models/maplib/efinix_maplib.v 75) compiling module 'EFX_IOBUF' (VERI-1018)
[EFX-0009 VERI-INFO] (C:/Efinity/2019.3/sim_models/maplib/efinix_maplib.v 87) compiling module 'EFX_LUT4' (VERI-1018)
[EFX-0009 VERI-INFO] (C:/Efinity/2019.3/sim_models/maplib/efinix_maplib.v 95) compiling module 'EFX_MULT' (VERI-1018)
[EFX-0009 VERI-INFO] (C:/Efinity/2019.3/sim_models/maplib/efinix_maplib.v 130) compiling module 'EFX_RAM_4K' (VERI-1018)
[EFX-0009 VERI-INFO] (C:/Efinity/2019.3/sim_models/maplib/efinix_maplib.v 190) compiling module 'EFX_RAM_5K' (VERI-1018)
[EFX-0009 VERI-INFO] (C:/Efinity/2019.3/sim_models/maplib/efinix_maplib.v 262) compiling module 'EFX_DPRAM_5K' (VERI-1018)
[EFX-0009 VERI-INFO] (C:/Efinity/2019.3/sim_models/maplib/efinix_maplib.v 367) compiling module 'RAMB5' (VERI-1018)
[EFX-0009 VERI-INFO] (C:/Efinity/2019.3/sim_models/maplib/efinix_maplib.v 429) compiling module 'EFX_RAM_10K' (VERI-1018)
[EFX-0009 VERI-INFO] (C:/Users/mwola/OneDrive/Coding/2020/HackFRee-Workshop-2020/PllClkExample/top.v 1) compiling module 'top_module' (VERI-1018)
[EFX-0000 INFO] Setting Synthesis Option: mode=speed
[EFX-0009 VERI-INFO] (C:/Efinity/2019.3/sim_models/maplib/efinix_maplib.v 6) compiling module 'EFX_ADD' (VERI-1018)
[EFX-0009 VERI-INFO] (C:/Efinity/2019.3/sim_models/maplib/efinix_maplib.v 19) compiling module 'EFX_FF' (VERI-1018)
[EFX-0009 VERI-INFO] (C:/Efinity/2019.3/sim_models/maplib/efinix_maplib.v 36) compiling module 'EFX_GBUFCE' (VERI-1018)
[EFX-0009 VERI-INFO] (C:/Efinity/2019.3/sim_models/maplib/efinix_maplib.v 45) compiling module 'EFX_IDDR' (VERI-1018)
[EFX-0009 VERI-INFO] (C:/Efinity/2019.3/sim_models/maplib/efinix_maplib.v 59) compiling module 'EFX_ODDR' (VERI-1018)
[EFX-0009 VERI-INFO] (C:/Efinity/2019.3/sim_models/maplib/efinix_maplib.v 75) compiling module 'EFX_IOBUF' (VERI-1018)
[EFX-0009 VERI-INFO] (C:/Efinity/2019.3/sim_models/maplib/efinix_maplib.v 87) compiling module 'EFX_LUT4' (VERI-1018)
[EFX-0009 VERI-INFO] (C:/Efinity/2019.3/sim_models/maplib/efinix_maplib.v 95) compiling module 'EFX_MULT' (VERI-1018)
[EFX-0009 VERI-INFO] (C:/Efinity/2019.3/sim_models/maplib/efinix_maplib.v 130) compiling module 'EFX_RAM_4K' (VERI-1018)
[EFX-0009 VERI-INFO] (C:/Efinity/2019.3/sim_models/maplib/efinix_maplib.v 190) compiling module 'EFX_RAM_5K' (VERI-1018)
[EFX-0009 VERI-INFO] (C:/Efinity/2019.3/sim_models/maplib/efinix_maplib.v 262) compiling module 'EFX_DPRAM_5K' (VERI-1018)
[EFX-0009 VERI-INFO] (C:/Efinity/2019.3/sim_models/maplib/efinix_maplib.v 367) compiling module 'RAMB5' (VERI-1018)
[EFX-0009 VERI-INFO] (C:/Efinity/2019.3/sim_models/maplib/efinix_maplib.v 429) compiling module 'EFX_RAM_10K' (VERI-1018)
[EFX-0000 INFO] ... Pre-synthesis checks begin
[EFX-0256 WARNING] The primary output port 'pll_inst1_RSTN' wire 'pll_inst1_RSTN' is not driven.
[EFX-0201 WARNING] (C:/Users/mwola/OneDrive/Coding/2020/HackFRee-Workshop-2020/PllClkExample/top.v 1) Re-wiring to GND non-driven net 'pll_inst1_RSTN'.
[EFX-0000 INFO] ... Pre-synthesis checks end (Real time : 0s)
[EFX-0000 INFO] ... NameSpace init begin
[EFX-0000 INFO] ... NameSpace init end (Real time : 0s)
[EFX-0000 INFO] ... Mapping design "top_module"
[EFX-0000 INFO] ... Hierarchical pre-synthesis "top_module" begin
[EFX-0000 INFO] ... Hierarchical pre-synthesis "top_module" end (Real time : 0s)
[EFX-0000 INFO] ... Flat optimizations begin
[EFX-0000 INFO] ... Flat optimizations end (Real time : 0s)
[EFX-0000 INFO] ... Flat synthesis begin
[EFX-0000 INFO] ... Flat synthesis end (Real time : 0s)
[EFX-0000 INFO] ... Flat optimizations begin
[EFX-0000 INFO] ... Flat optimizations end (Real time : 0s)
[EFX-0000 INFO] ... Check and break combinational loops begin
[EFX-0000 INFO] ... Check and break combinational loops end (Real time : 0s)
[EFX-0000 INFO] ... Top level netlist RUSHC IOs pre-synthesis begin
[EFX-0000 INFO] ... SOP modeling begin
[EFX-0000 INFO] ... SOP modeling end (Real time : 0s)
[EFX-0000 INFO] ... LUT mapping begin
[EFX-0000 INFO] ... LS, strategy: 3, nd: 1, ed: 2, lv: 2
[EFX-0000 INFO] ... LUT mapping end (Real time : 0s)
[EFX-0000 INFO] ... Post-synthesis Verific netlist creation begin
[EFX-0000 INFO] ... Post-synthesis Verific netlist creation end (Real time : 1s)
[EFX-0000 INFO] ... Top level netlist RUSHC IOs pre-synthesis end (Real time : 1s)
[EFX-0000 INFO] ... Post-synthesis Verific netlist unification/params processing begin
[EFX-0000 INFO] ... Post-synthesis Verific netlist unification/params processing end (Real time : 0s)
[EFX-0000 INFO] Resource Summary 
[EFX-0000 INFO] =============================== 
[EFX-0000 INFO] EFX_ADD         : 	25
[EFX-0000 INFO] EFX_LUT4        : 	2
[EFX-0000 INFO] EFX_FF          : 	26
[EFX-0000 INFO] EFX_GBUFCE      : 	1
[EFX-0000 INFO] =============================== 
[EFX-0009 VERI-INFO] The default VHDL library search path is now "C:/Efinity/2019.3/sim_models/vhdl/packages/vhdl_2008" (VHDL-1504)
[EFX-0009 VERI-INFO] (C:/Efinity/2019.3/sim_models/maplib/efinix_maplib.v 6) compiling module 'EFX_ADD' (VERI-1018)
[EFX-0009 VERI-INFO] (C:/Efinity/2019.3/sim_models/maplib/efinix_maplib.v 19) compiling module 'EFX_FF' (VERI-1018)
[EFX-0009 VERI-INFO] (C:/Efinity/2019.3/sim_models/maplib/efinix_maplib.v 36) compiling module 'EFX_GBUFCE' (VERI-1018)
[EFX-0009 VERI-INFO] (C:/Efinity/2019.3/sim_models/maplib/efinix_maplib.v 45) compiling module 'EFX_IDDR' (VERI-1018)
[EFX-0009 VERI-INFO] (C:/Efinity/2019.3/sim_models/maplib/efinix_maplib.v 59) compiling module 'EFX_ODDR' (VERI-1018)
[EFX-0009 VERI-INFO] (C:/Efinity/2019.3/sim_models/maplib/efinix_maplib.v 75) compiling module 'EFX_IOBUF' (VERI-1018)
[EFX-0009 VERI-INFO] (C:/Efinity/2019.3/sim_models/maplib/efinix_maplib.v 87) compiling module 'EFX_LUT4' (VERI-1018)
[EFX-0009 VERI-INFO] (C:/Efinity/2019.3/sim_models/maplib/efinix_maplib.v 95) compiling module 'EFX_MULT' (VERI-1018)
[EFX-0009 VERI-INFO] (C:/Efinity/2019.3/sim_models/maplib/efinix_maplib.v 130) compiling module 'EFX_RAM_4K' (VERI-1018)
[EFX-0009 VERI-INFO] (C:/Efinity/2019.3/sim_models/maplib/efinix_maplib.v 190) compiling module 'EFX_RAM_5K' (VERI-1018)
[EFX-0009 VERI-INFO] (C:/Efinity/2019.3/sim_models/maplib/efinix_maplib.v 262) compiling module 'EFX_DPRAM_5K' (VERI-1018)
[EFX-0009 VERI-INFO] (C:/Efinity/2019.3/sim_models/maplib/efinix_maplib.v 367) compiling module 'RAMB5' (VERI-1018)
[EFX-0009 VERI-INFO] (C:/Efinity/2019.3/sim_models/maplib/efinix_maplib.v 429) compiling module 'EFX_RAM_10K' (VERI-1018)
[EFX-0009 VERI-INFO] (C:/Users/mwola/OneDrive/Coding/2020/HackFRee-Workshop-2020/PllClkExample/top.v 1) compiling module 'top_module' (VERI-1018)
[EFX-0000 INFO] Setting Synthesis Option: mode=speed
[EFX-0009 VERI-INFO] (C:/Efinity/2019.3/sim_models/maplib/efinix_maplib.v 6) compiling module 'EFX_ADD' (VERI-1018)
[EFX-0009 VERI-INFO] (C:/Efinity/2019.3/sim_models/maplib/efinix_maplib.v 19) compiling module 'EFX_FF' (VERI-1018)
[EFX-0009 VERI-INFO] (C:/Efinity/2019.3/sim_models/maplib/efinix_maplib.v 36) compiling module 'EFX_GBUFCE' (VERI-1018)
[EFX-0009 VERI-INFO] (C:/Efinity/2019.3/sim_models/maplib/efinix_maplib.v 45) compiling module 'EFX_IDDR' (VERI-1018)
[EFX-0009 VERI-INFO] (C:/Efinity/2019.3/sim_models/maplib/efinix_maplib.v 59) compiling module 'EFX_ODDR' (VERI-1018)
[EFX-0009 VERI-INFO] (C:/Efinity/2019.3/sim_models/maplib/efinix_maplib.v 75) compiling module 'EFX_IOBUF' (VERI-1018)
[EFX-0009 VERI-INFO] (C:/Efinity/2019.3/sim_models/maplib/efinix_maplib.v 87) compiling module 'EFX_LUT4' (VERI-1018)
[EFX-0009 VERI-INFO] (C:/Efinity/2019.3/sim_models/maplib/efinix_maplib.v 95) compiling module 'EFX_MULT' (VERI-1018)
[EFX-0009 VERI-INFO] (C:/Efinity/2019.3/sim_models/maplib/efinix_maplib.v 130) compiling module 'EFX_RAM_4K' (VERI-1018)
[EFX-0009 VERI-INFO] (C:/Efinity/2019.3/sim_models/maplib/efinix_maplib.v 190) compiling module 'EFX_RAM_5K' (VERI-1018)
[EFX-0009 VERI-INFO] (C:/Efinity/2019.3/sim_models/maplib/efinix_maplib.v 262) compiling module 'EFX_DPRAM_5K' (VERI-1018)
[EFX-0009 VERI-INFO] (C:/Efinity/2019.3/sim_models/maplib/efinix_maplib.v 367) compiling module 'RAMB5' (VERI-1018)
[EFX-0009 VERI-INFO] (C:/Efinity/2019.3/sim_models/maplib/efinix_maplib.v 429) compiling module 'EFX_RAM_10K' (VERI-1018)
[EFX-0000 INFO] ... Pre-synthesis checks begin
[EFX-0000 INFO] ... Pre-synthesis checks end (Real time : 0s)
[EFX-0000 INFO] ... NameSpace init begin
[EFX-0000 INFO] ... NameSpace init end (Real time : 0s)
[EFX-0000 INFO] ... Mapping design "top_module"
[EFX-0000 INFO] ... Hierarchical pre-synthesis "top_module" begin
[EFX-0000 INFO] ... Hierarchical pre-synthesis "top_module" end (Real time : 0s)
[EFX-0000 INFO] ... Flat optimizations begin
[EFX-0000 INFO] ... Flat optimizations end (Real time : 0s)
[EFX-0000 INFO] ... Flat synthesis begin
[EFX-0000 INFO] ... Flat synthesis end (Real time : 0s)
[EFX-0000 INFO] ... Flat optimizations begin
[EFX-0000 INFO] ... Flat optimizations end (Real time : 0s)
[EFX-0000 INFO] ... Check and break combinational loops begin
[EFX-0000 INFO] ... Check and break combinational loops end (Real time : 0s)
[EFX-0000 INFO] ... Top level netlist RUSHC IOs pre-synthesis begin
[EFX-0000 INFO] ... SOP modeling begin
[EFX-0000 INFO] ... SOP modeling end (Real time : 0s)
[EFX-0000 INFO] ... LUT mapping begin
[EFX-0000 INFO] ... LS, strategy: 3, nd: 1, ed: 2, lv: 2
[EFX-0000 INFO] ... LUT mapping end (Real time : 0s)
[EFX-0000 INFO] ... Post-synthesis Verific netlist creation begin
[EFX-0000 INFO] ... Post-synthesis Verific netlist creation end (Real time : 0s)
[EFX-0000 INFO] ... Top level netlist RUSHC IOs pre-synthesis end (Real time : 0s)
[EFX-0000 INFO] ... Post-synthesis Verific netlist unification/params processing begin
[EFX-0000 INFO] ... Post-synthesis Verific netlist unification/params processing end (Real time : 0s)
[EFX-0000 INFO] Resource Summary 
[EFX-0000 INFO] =============================== 
[EFX-0000 INFO] EFX_ADD         : 	25
[EFX-0000 INFO] EFX_LUT4        : 	2
[EFX-0000 INFO] EFX_FF          : 	26
[EFX-0000 INFO] EFX_GBUFCE      : 	1
[EFX-0000 INFO] =============================== 
[EFX-0009 VERI-INFO] The default VHDL library search path is now "C:/Efinity/2019.3/sim_models/vhdl/packages/vhdl_2008" (VHDL-1504)
[EFX-0007 VERI-ERROR] (C:/Users/mwola/OneDrive/Coding/2020/HackFRee-Workshop-2020/PllClkExample/top.v 1) syntax error near 'btn1' (VERI-1137)
[EFX-0009 VERI-INFO] The default VHDL library search path is now "C:/Efinity/2019.3/sim_models/vhdl/packages/vhdl_2008" (VHDL-1504)
[EFX-0007 VERI-ERROR] (C:/Users/mwola/OneDrive/Coding/2020/HackFRee-Workshop-2020/PllClkExample/top.v 10) syntax error near '=' (VERI-1137)
[EFX-0007 VERI-ERROR] (C:/Users/mwola/OneDrive/Coding/2020/HackFRee-Workshop-2020/PllClkExample/top.v 11) declarations not allowed in unnamed block (VERI-1380)
[EFX-0008 VERI-WARNING] (C:/Users/mwola/OneDrive/Coding/2020/HackFRee-Workshop-2020/PllClkExample/top.v 11) empty statement in sequential block (VERI-1988)
[EFX-0007 VERI-ERROR] (C:/Users/mwola/OneDrive/Coding/2020/HackFRee-Workshop-2020/PllClkExample/top.v 12) syntax error near '(' (VERI-1137)
[EFX-0007 VERI-ERROR] (C:/Users/mwola/OneDrive/Coding/2020/HackFRee-Workshop-2020/PllClkExample/top.v 17) module 'top_module' ignored due to previous errors (VERI-1072)
[EFX-0009 VERI-INFO] The default VHDL library search path is now "C:/Efinity/2019.3/sim_models/vhdl/packages/vhdl_2008" (VHDL-1504)
[EFX-0007 VERI-ERROR] (C:/Users/mwola/OneDrive/Coding/2020/HackFRee-Workshop-2020/PllClkExample/top.v 10) syntax error near '<=' (VERI-1137)
[EFX-0007 VERI-ERROR] (C:/Users/mwola/OneDrive/Coding/2020/HackFRee-Workshop-2020/PllClkExample/top.v 11) declarations not allowed in unnamed block (VERI-1380)
[EFX-0007 VERI-ERROR] (C:/Users/mwola/OneDrive/Coding/2020/HackFRee-Workshop-2020/PllClkExample/top.v 12) syntax error near '(' (VERI-1137)
[EFX-0007 VERI-ERROR] (C:/Users/mwola/OneDrive/Coding/2020/HackFRee-Workshop-2020/PllClkExample/top.v 17) module 'top_module' ignored due to previous errors (VERI-1072)
[EFX-0009 VERI-INFO] The default VHDL library search path is now "C:/Efinity/2019.3/sim_models/vhdl/packages/vhdl_2008" (VHDL-1504)
[EFX-0007 VERI-ERROR] (C:/Users/mwola/OneDrive/Coding/2020/HackFRee-Workshop-2020/PllClkExample/top.v 12) syntax error near '(' (VERI-1137)
[EFX-0007 VERI-ERROR] (C:/Users/mwola/OneDrive/Coding/2020/HackFRee-Workshop-2020/PllClkExample/top.v 17) module 'top_module' ignored due to previous errors (VERI-1072)
[EFX-0009 VERI-INFO] The default VHDL library search path is now "C:/Efinity/2019.3/sim_models/vhdl/packages/vhdl_2008" (VHDL-1504)
[EFX-0009 VERI-INFO] (C:/Efinity/2019.3/sim_models/maplib/efinix_maplib.v 6) compiling module 'EFX_ADD' (VERI-1018)
[EFX-0009 VERI-INFO] (C:/Efinity/2019.3/sim_models/maplib/efinix_maplib.v 19) compiling module 'EFX_FF' (VERI-1018)
[EFX-0009 VERI-INFO] (C:/Efinity/2019.3/sim_models/maplib/efinix_maplib.v 36) compiling module 'EFX_GBUFCE' (VERI-1018)
[EFX-0009 VERI-INFO] (C:/Efinity/2019.3/sim_models/maplib/efinix_maplib.v 45) compiling module 'EFX_IDDR' (VERI-1018)
[EFX-0009 VERI-INFO] (C:/Efinity/2019.3/sim_models/maplib/efinix_maplib.v 59) compiling module 'EFX_ODDR' (VERI-1018)
[EFX-0009 VERI-INFO] (C:/Efinity/2019.3/sim_models/maplib/efinix_maplib.v 75) compiling module 'EFX_IOBUF' (VERI-1018)
[EFX-0009 VERI-INFO] (C:/Efinity/2019.3/sim_models/maplib/efinix_maplib.v 87) compiling module 'EFX_LUT4' (VERI-1018)
[EFX-0009 VERI-INFO] (C:/Efinity/2019.3/sim_models/maplib/efinix_maplib.v 95) compiling module 'EFX_MULT' (VERI-1018)
[EFX-0009 VERI-INFO] (C:/Efinity/2019.3/sim_models/maplib/efinix_maplib.v 130) compiling module 'EFX_RAM_4K' (VERI-1018)
[EFX-0009 VERI-INFO] (C:/Efinity/2019.3/sim_models/maplib/efinix_maplib.v 190) compiling module 'EFX_RAM_5K' (VERI-1018)
[EFX-0009 VERI-INFO] (C:/Efinity/2019.3/sim_models/maplib/efinix_maplib.v 262) compiling module 'EFX_DPRAM_5K' (VERI-1018)
[EFX-0009 VERI-INFO] (C:/Efinity/2019.3/sim_models/maplib/efinix_maplib.v 367) compiling module 'RAMB5' (VERI-1018)
[EFX-0009 VERI-INFO] (C:/Efinity/2019.3/sim_models/maplib/efinix_maplib.v 429) compiling module 'EFX_RAM_10K' (VERI-1018)
[EFX-0009 VERI-INFO] (C:/Users/mwola/OneDrive/Coding/2020/HackFRee-Workshop-2020/PllClkExample/top.v 1) compiling module 'top_module' (VERI-1018)
[EFX-0008 VERI-WARNING] (C:/Users/mwola/OneDrive/Coding/2020/HackFRee-Workshop-2020/PllClkExample/top.v 9) if-condition does not match any sensitivity list edge (VERI-1167)
[EFX-0000 INFO] Setting Synthesis Option: mode=speed
[EFX-0009 VERI-INFO] (C:/Efinity/2019.3/sim_models/maplib/efinix_maplib.v 6) compiling module 'EFX_ADD' (VERI-1018)
[EFX-0009 VERI-INFO] (C:/Efinity/2019.3/sim_models/maplib/efinix_maplib.v 19) compiling module 'EFX_FF' (VERI-1018)
[EFX-0009 VERI-INFO] (C:/Efinity/2019.3/sim_models/maplib/efinix_maplib.v 36) compiling module 'EFX_GBUFCE' (VERI-1018)
[EFX-0009 VERI-INFO] (C:/Efinity/2019.3/sim_models/maplib/efinix_maplib.v 45) compiling module 'EFX_IDDR' (VERI-1018)
[EFX-0009 VERI-INFO] (C:/Efinity/2019.3/sim_models/maplib/efinix_maplib.v 59) compiling module 'EFX_ODDR' (VERI-1018)
[EFX-0009 VERI-INFO] (C:/Efinity/2019.3/sim_models/maplib/efinix_maplib.v 75) compiling module 'EFX_IOBUF' (VERI-1018)
[EFX-0009 VERI-INFO] (C:/Efinity/2019.3/sim_models/maplib/efinix_maplib.v 87) compiling module 'EFX_LUT4' (VERI-1018)
[EFX-0009 VERI-INFO] (C:/Efinity/2019.3/sim_models/maplib/efinix_maplib.v 95) compiling module 'EFX_MULT' (VERI-1018)
[EFX-0009 VERI-INFO] (C:/Efinity/2019.3/sim_models/maplib/efinix_maplib.v 130) compiling module 'EFX_RAM_4K' (VERI-1018)
[EFX-0009 VERI-INFO] (C:/Efinity/2019.3/sim_models/maplib/efinix_maplib.v 190) compiling module 'EFX_RAM_5K' (VERI-1018)
[EFX-0009 VERI-INFO] (C:/Efinity/2019.3/sim_models/maplib/efinix_maplib.v 262) compiling module 'EFX_DPRAM_5K' (VERI-1018)
[EFX-0009 VERI-INFO] (C:/Efinity/2019.3/sim_models/maplib/efinix_maplib.v 367) compiling module 'RAMB5' (VERI-1018)
[EFX-0009 VERI-INFO] (C:/Efinity/2019.3/sim_models/maplib/efinix_maplib.v 429) compiling module 'EFX_RAM_10K' (VERI-1018)
[EFX-0000 INFO] ... Pre-synthesis checks begin
[EFX-0000 INFO] ... Pre-synthesis checks end (Real time : 0s)
[EFX-0000 INFO] ... NameSpace init begin
[EFX-0000 INFO] ... NameSpace init end (Real time : 0s)
[EFX-0000 INFO] ... Mapping design "top_module"
[EFX-0000 INFO] ... Hierarchical pre-synthesis "top_module" begin
[EFX-0000 INFO] ... Hierarchical pre-synthesis "top_module" end (Real time : 0s)
[EFX-0000 INFO] ... Flat optimizations begin
[EFX-0000 INFO] ... Flat optimizations end (Real time : 0s)
[EFX-0000 INFO] ... Flat synthesis begin
[EFX-0000 INFO] ... Flat synthesis end (Real time : 0s)
[EFX-0000 INFO] ... Flat optimizations begin
[EFX-0000 INFO] ... Flat optimizations end (Real time : 0s)
[EFX-0000 INFO] ... Check and break combinational loops begin
[EFX-0654 WARNING] (C:/Users/mwola/OneDrive/Coding/2020/HackFRee-Workshop-2020/PllClkExample/top.v 3) Breaking combinational loop on net 'clk_count[25]' with driver instance 'i355'.
[EFX-0654 WARNING] (C:/Users/mwola/OneDrive/Coding/2020/HackFRee-Workshop-2020/PllClkExample/top.v 3) Breaking combinational loop on net 'clk_count[24]' with driver instance 'i345'.
[EFX-0654 WARNING] (C:/Users/mwola/OneDrive/Coding/2020/HackFRee-Workshop-2020/PllClkExample/top.v 3) Breaking combinational loop on net 'clk_count[23]' with driver instance 'i335'.
[EFX-0654 WARNING] (C:/Users/mwola/OneDrive/Coding/2020/HackFRee-Workshop-2020/PllClkExample/top.v 3) Breaking combinational loop on net 'clk_count[22]' with driver instance 'i325'.
[EFX-0654 WARNING] (C:/Users/mwola/OneDrive/Coding/2020/HackFRee-Workshop-2020/PllClkExample/top.v 3) Breaking combinational loop on net 'clk_count[21]' with driver instance 'i315'.
[EFX-0654 WARNING] (C:/Users/mwola/OneDrive/Coding/2020/HackFRee-Workshop-2020/PllClkExample/top.v 3) Breaking combinational loop on net 'clk_count[20]' with driver instance 'i305'.
[EFX-0654 WARNING] (C:/Users/mwola/OneDrive/Coding/2020/HackFRee-Workshop-2020/PllClkExample/top.v 3) Breaking combinational loop on net 'clk_count[19]' with driver instance 'i295'.
[EFX-0654 WARNING] (C:/Users/mwola/OneDrive/Coding/2020/HackFRee-Workshop-2020/PllClkExample/top.v 3) Breaking combinational loop on net 'clk_count[18]' with driver instance 'i285'.
[EFX-0654 WARNING] (C:/Users/mwola/OneDrive/Coding/2020/HackFRee-Workshop-2020/PllClkExample/top.v 3) Breaking combinational loop on net 'clk_count[17]' with driver instance 'i275'.
[EFX-0654 WARNING] (C:/Users/mwola/OneDrive/Coding/2020/HackFRee-Workshop-2020/PllClkExample/top.v 3) Breaking combinational loop on net 'clk_count[16]' with driver instance 'i265'.
[EFX-0654 WARNING] (C:/Users/mwola/OneDrive/Coding/2020/HackFRee-Workshop-2020/PllClkExample/top.v 3) Breaking combinational loop on net 'clk_count[15]' with driver instance 'i255'.
[EFX-0654 WARNING] (C:/Users/mwola/OneDrive/Coding/2020/HackFRee-Workshop-2020/PllClkExample/top.v 3) Breaking combinational loop on net 'clk_count[14]' with driver instance 'i245'.
[EFX-0654 WARNING] (C:/Users/mwola/OneDrive/Coding/2020/HackFRee-Workshop-2020/PllClkExample/top.v 3) Breaking combinational loop on net 'clk_count[13]' with driver instance 'i235'.
[EFX-0654 WARNING] (C:/Users/mwola/OneDrive/Coding/2020/HackFRee-Workshop-2020/PllClkExample/top.v 3) Breaking combinational loop on net 'clk_count[12]' with driver instance 'i225'.
[EFX-0654 WARNING] (C:/Users/mwola/OneDrive/Coding/2020/HackFRee-Workshop-2020/PllClkExample/top.v 3) Breaking combinational loop on net 'clk_count[11]' with driver instance 'i215'.
[EFX-0654 WARNING] (C:/Users/mwola/OneDrive/Coding/2020/HackFRee-Workshop-2020/PllClkExample/top.v 3) Breaking combinational loop on net 'clk_count[10]' with driver instance 'i205'.
[EFX-0654 WARNING] (C:/Users/mwola/OneDrive/Coding/2020/HackFRee-Workshop-2020/PllClkExample/top.v 3) Breaking combinational loop on net 'clk_count[9]' with driver instance 'i195'.
[EFX-0654 WARNING] (C:/Users/mwola/OneDrive/Coding/2020/HackFRee-Workshop-2020/PllClkExample/top.v 3) Breaking combinational loop on net 'clk_count[8]' with driver instance 'i185'.
[EFX-0654 WARNING] (C:/Users/mwola/OneDrive/Coding/2020/HackFRee-Workshop-2020/PllClkExample/top.v 3) Breaking combinational loop on net 'clk_count[7]' with driver instance 'i175'.
[EFX-0654 WARNING] (C:/Users/mwola/OneDrive/Coding/2020/HackFRee-Workshop-2020/PllClkExample/top.v 3) Breaking combinational loop on net 'clk_count[6]' with driver instance 'i165'.
[EFX-0654 WARNING] (C:/Users/mwola/OneDrive/Coding/2020/HackFRee-Workshop-2020/PllClkExample/top.v 3) Breaking combinational loop on net 'clk_count[5]' with driver instance 'i155'.
[EFX-0654 WARNING] (C:/Users/mwola/OneDrive/Coding/2020/HackFRee-Workshop-2020/PllClkExample/top.v 3) Breaking combinational loop on net 'clk_count[4]' with driver instance 'i145'.
[EFX-0654 WARNING] (C:/Users/mwola/OneDrive/Coding/2020/HackFRee-Workshop-2020/PllClkExample/top.v 3) Breaking combinational loop on net 'clk_count[3]' with driver instance 'i135'.
[EFX-0654 WARNING] (C:/Users/mwola/OneDrive/Coding/2020/HackFRee-Workshop-2020/PllClkExample/top.v 3) Breaking combinational loop on net 'clk_count[2]' with driver instance 'i125'.
[EFX-0654 WARNING] (C:/Users/mwola/OneDrive/Coding/2020/HackFRee-Workshop-2020/PllClkExample/top.v 3) Breaking combinational loop on net 'clk_count[1]' with driver instance 'i115'.
[EFX-0654 WARNING] (C:/Users/mwola/OneDrive/Coding/2020/HackFRee-Workshop-2020/PllClkExample/top.v 3) Breaking combinational loop on net 'clk_count[0]' with driver instance 'i105'.
[EFX-0000 INFO] ... Check and break combinational loops end (Real time : 0s)
[EFX-0000 INFO] ... Top level netlist RUSHC IOs pre-synthesis begin
[EFX-0000 INFO] ... SOP modeling begin
[EFX-0000 INFO] ... SOP modeling end (Real time : 0s)
[EFX-0000 INFO] ... LUT mapping begin
[EFX-0000 INFO] ... LS, strategy: 3, nd: 79, ed: 312, lv: 2
[EFX-0000 INFO] ... LUT mapping end (Real time : 1s)
[EFX-0000 INFO] ... Post-synthesis Verific netlist creation begin
[EFX-0000 INFO] ... Post-synthesis Verific netlist creation end (Real time : 0s)
[EFX-0000 INFO] ... Top level netlist RUSHC IOs pre-synthesis end (Real time : 1s)
[EFX-0000 INFO] ... Post-synthesis Verific netlist unification/params processing begin
[EFX-0000 INFO] ... Post-synthesis Verific netlist unification/params processing end (Real time : 0s)
[EFX-0000 INFO] Resource Summary 
[EFX-0000 INFO] =============================== 
[EFX-0000 INFO] EFX_ADD         : 	25
[EFX-0000 INFO] EFX_LUT4        : 	106
[EFX-0000 INFO] EFX_FF          : 	26
[EFX-0000 INFO] EFX_GBUFCE      : 	1
[EFX-0000 INFO] =============================== 
[EFX-0009 VERI-INFO] The default VHDL library search path is now "C:/Efinity/2019.3/sim_models/vhdl/packages/vhdl_2008" (VHDL-1504)
[EFX-0009 VERI-INFO] (C:/Efinity/2019.3/sim_models/maplib/efinix_maplib.v 6) compiling module 'EFX_ADD' (VERI-1018)
[EFX-0009 VERI-INFO] (C:/Efinity/2019.3/sim_models/maplib/efinix_maplib.v 19) compiling module 'EFX_FF' (VERI-1018)
[EFX-0009 VERI-INFO] (C:/Efinity/2019.3/sim_models/maplib/efinix_maplib.v 36) compiling module 'EFX_GBUFCE' (VERI-1018)
[EFX-0009 VERI-INFO] (C:/Efinity/2019.3/sim_models/maplib/efinix_maplib.v 45) compiling module 'EFX_IDDR' (VERI-1018)
[EFX-0009 VERI-INFO] (C:/Efinity/2019.3/sim_models/maplib/efinix_maplib.v 59) compiling module 'EFX_ODDR' (VERI-1018)
[EFX-0009 VERI-INFO] (C:/Efinity/2019.3/sim_models/maplib/efinix_maplib.v 75) compiling module 'EFX_IOBUF' (VERI-1018)
[EFX-0009 VERI-INFO] (C:/Efinity/2019.3/sim_models/maplib/efinix_maplib.v 87) compiling module 'EFX_LUT4' (VERI-1018)
[EFX-0009 VERI-INFO] (C:/Efinity/2019.3/sim_models/maplib/efinix_maplib.v 95) compiling module 'EFX_MULT' (VERI-1018)
[EFX-0009 VERI-INFO] (C:/Efinity/2019.3/sim_models/maplib/efinix_maplib.v 130) compiling module 'EFX_RAM_4K' (VERI-1018)
[EFX-0009 VERI-INFO] (C:/Efinity/2019.3/sim_models/maplib/efinix_maplib.v 190) compiling module 'EFX_RAM_5K' (VERI-1018)
[EFX-0009 VERI-INFO] (C:/Efinity/2019.3/sim_models/maplib/efinix_maplib.v 262) compiling module 'EFX_DPRAM_5K' (VERI-1018)
[EFX-0009 VERI-INFO] (C:/Efinity/2019.3/sim_models/maplib/efinix_maplib.v 367) compiling module 'RAMB5' (VERI-1018)
[EFX-0009 VERI-INFO] (C:/Efinity/2019.3/sim_models/maplib/efinix_maplib.v 429) compiling module 'EFX_RAM_10K' (VERI-1018)
[EFX-0009 VERI-INFO] (C:/Users/mwola/OneDrive/Coding/2020/HackFRee-Workshop-2020/PllClkExample/top.v 1) compiling module 'top_module' (VERI-1018)
[EFX-0008 VERI-WARNING] (C:/Users/mwola/OneDrive/Coding/2020/HackFRee-Workshop-2020/PllClkExample/top.v 9) if-condition does not match any sensitivity list edge (VERI-1167)
[EFX-0000 INFO] Setting Synthesis Option: mode=speed
[EFX-0009 VERI-INFO] (C:/Efinity/2019.3/sim_models/maplib/efinix_maplib.v 6) compiling module 'EFX_ADD' (VERI-1018)
[EFX-0009 VERI-INFO] (C:/Efinity/2019.3/sim_models/maplib/efinix_maplib.v 19) compiling module 'EFX_FF' (VERI-1018)
[EFX-0009 VERI-INFO] (C:/Efinity/2019.3/sim_models/maplib/efinix_maplib.v 36) compiling module 'EFX_GBUFCE' (VERI-1018)
[EFX-0009 VERI-INFO] (C:/Efinity/2019.3/sim_models/maplib/efinix_maplib.v 45) compiling module 'EFX_IDDR' (VERI-1018)
[EFX-0009 VERI-INFO] (C:/Efinity/2019.3/sim_models/maplib/efinix_maplib.v 59) compiling module 'EFX_ODDR' (VERI-1018)
[EFX-0009 VERI-INFO] (C:/Efinity/2019.3/sim_models/maplib/efinix_maplib.v 75) compiling module 'EFX_IOBUF' (VERI-1018)
[EFX-0009 VERI-INFO] (C:/Efinity/2019.3/sim_models/maplib/efinix_maplib.v 87) compiling module 'EFX_LUT4' (VERI-1018)
[EFX-0009 VERI-INFO] (C:/Efinity/2019.3/sim_models/maplib/efinix_maplib.v 95) compiling module 'EFX_MULT' (VERI-1018)
[EFX-0009 VERI-INFO] (C:/Efinity/2019.3/sim_models/maplib/efinix_maplib.v 130) compiling module 'EFX_RAM_4K' (VERI-1018)
[EFX-0009 VERI-INFO] (C:/Efinity/2019.3/sim_models/maplib/efinix_maplib.v 190) compiling module 'EFX_RAM_5K' (VERI-1018)
[EFX-0009 VERI-INFO] (C:/Efinity/2019.3/sim_models/maplib/efinix_maplib.v 262) compiling module 'EFX_DPRAM_5K' (VERI-1018)
[EFX-0009 VERI-INFO] (C:/Efinity/2019.3/sim_models/maplib/efinix_maplib.v 367) compiling module 'RAMB5' (VERI-1018)
[EFX-0009 VERI-INFO] (C:/Efinity/2019.3/sim_models/maplib/efinix_maplib.v 429) compiling module 'EFX_RAM_10K' (VERI-1018)
[EFX-0000 INFO] ... Pre-synthesis checks begin
[EFX-0000 INFO] ... Pre-synthesis checks end (Real time : 0s)
[EFX-0000 INFO] ... NameSpace init begin
[EFX-0000 INFO] ... NameSpace init end (Real time : 0s)
[EFX-0000 INFO] ... Mapping design "top_module"
[EFX-0000 INFO] ... Hierarchical pre-synthesis "top_module" begin
[EFX-0000 INFO] ... Hierarchical pre-synthesis "top_module" end (Real time : 0s)
[EFX-0000 INFO] ... Flat optimizations begin
[EFX-0000 INFO] ... Flat optimizations end (Real time : 0s)
[EFX-0000 INFO] ... Flat synthesis begin
[EFX-0000 INFO] ... Flat synthesis end (Real time : 0s)
[EFX-0000 INFO] ... Flat optimizations begin
[EFX-0000 INFO] ... Flat optimizations end (Real time : 0s)
[EFX-0000 INFO] ... Check and break combinational loops begin
[EFX-0654 WARNING] (C:/Users/mwola/OneDrive/Coding/2020/HackFRee-Workshop-2020/PllClkExample/top.v 3) Breaking combinational loop on net 'clk_count[25]' with driver instance 'i355'.
[EFX-0654 WARNING] (C:/Users/mwola/OneDrive/Coding/2020/HackFRee-Workshop-2020/PllClkExample/top.v 3) Breaking combinational loop on net 'clk_count[24]' with driver instance 'i345'.
[EFX-0654 WARNING] (C:/Users/mwola/OneDrive/Coding/2020/HackFRee-Workshop-2020/PllClkExample/top.v 3) Breaking combinational loop on net 'clk_count[23]' with driver instance 'i335'.
[EFX-0654 WARNING] (C:/Users/mwola/OneDrive/Coding/2020/HackFRee-Workshop-2020/PllClkExample/top.v 3) Breaking combinational loop on net 'clk_count[22]' with driver instance 'i325'.
[EFX-0654 WARNING] (C:/Users/mwola/OneDrive/Coding/2020/HackFRee-Workshop-2020/PllClkExample/top.v 3) Breaking combinational loop on net 'clk_count[21]' with driver instance 'i315'.
[EFX-0654 WARNING] (C:/Users/mwola/OneDrive/Coding/2020/HackFRee-Workshop-2020/PllClkExample/top.v 3) Breaking combinational loop on net 'clk_count[20]' with driver instance 'i305'.
[EFX-0654 WARNING] (C:/Users/mwola/OneDrive/Coding/2020/HackFRee-Workshop-2020/PllClkExample/top.v 3) Breaking combinational loop on net 'clk_count[19]' with driver instance 'i295'.
[EFX-0654 WARNING] (C:/Users/mwola/OneDrive/Coding/2020/HackFRee-Workshop-2020/PllClkExample/top.v 3) Breaking combinational loop on net 'clk_count[18]' with driver instance 'i285'.
[EFX-0654 WARNING] (C:/Users/mwola/OneDrive/Coding/2020/HackFRee-Workshop-2020/PllClkExample/top.v 3) Breaking combinational loop on net 'clk_count[17]' with driver instance 'i275'.
[EFX-0654 WARNING] (C:/Users/mwola/OneDrive/Coding/2020/HackFRee-Workshop-2020/PllClkExample/top.v 3) Breaking combinational loop on net 'clk_count[16]' with driver instance 'i265'.
[EFX-0654 WARNING] (C:/Users/mwola/OneDrive/Coding/2020/HackFRee-Workshop-2020/PllClkExample/top.v 3) Breaking combinational loop on net 'clk_count[15]' with driver instance 'i255'.
[EFX-0654 WARNING] (C:/Users/mwola/OneDrive/Coding/2020/HackFRee-Workshop-2020/PllClkExample/top.v 3) Breaking combinational loop on net 'clk_count[14]' with driver instance 'i245'.
[EFX-0654 WARNING] (C:/Users/mwola/OneDrive/Coding/2020/HackFRee-Workshop-2020/PllClkExample/top.v 3) Breaking combinational loop on net 'clk_count[13]' with driver instance 'i235'.
[EFX-0654 WARNING] (C:/Users/mwola/OneDrive/Coding/2020/HackFRee-Workshop-2020/PllClkExample/top.v 3) Breaking combinational loop on net 'clk_count[12]' with driver instance 'i225'.
[EFX-0654 WARNING] (C:/Users/mwola/OneDrive/Coding/2020/HackFRee-Workshop-2020/PllClkExample/top.v 3) Breaking combinational loop on net 'clk_count[11]' with driver instance 'i215'.
[EFX-0654 WARNING] (C:/Users/mwola/OneDrive/Coding/2020/HackFRee-Workshop-2020/PllClkExample/top.v 3) Breaking combinational loop on net 'clk_count[10]' with driver instance 'i205'.
[EFX-0654 WARNING] (C:/Users/mwola/OneDrive/Coding/2020/HackFRee-Workshop-2020/PllClkExample/top.v 3) Breaking combinational loop on net 'clk_count[9]' with driver instance 'i195'.
[EFX-0654 WARNING] (C:/Users/mwola/OneDrive/Coding/2020/HackFRee-Workshop-2020/PllClkExample/top.v 3) Breaking combinational loop on net 'clk_count[8]' with driver instance 'i185'.
[EFX-0654 WARNING] (C:/Users/mwola/OneDrive/Coding/2020/HackFRee-Workshop-2020/PllClkExample/top.v 3) Breaking combinational loop on net 'clk_count[7]' with driver instance 'i175'.
[EFX-0654 WARNING] (C:/Users/mwola/OneDrive/Coding/2020/HackFRee-Workshop-2020/PllClkExample/top.v 3) Breaking combinational loop on net 'clk_count[6]' with driver instance 'i165'.
[EFX-0654 WARNING] (C:/Users/mwola/OneDrive/Coding/2020/HackFRee-Workshop-2020/PllClkExample/top.v 3) Breaking combinational loop on net 'clk_count[5]' with driver instance 'i155'.
[EFX-0654 WARNING] (C:/Users/mwola/OneDrive/Coding/2020/HackFRee-Workshop-2020/PllClkExample/top.v 3) Breaking combinational loop on net 'clk_count[4]' with driver instance 'i145'.
[EFX-0654 WARNING] (C:/Users/mwola/OneDrive/Coding/2020/HackFRee-Workshop-2020/PllClkExample/top.v 3) Breaking combinational loop on net 'clk_count[3]' with driver instance 'i135'.
[EFX-0654 WARNING] (C:/Users/mwola/OneDrive/Coding/2020/HackFRee-Workshop-2020/PllClkExample/top.v 3) Breaking combinational loop on net 'clk_count[2]' with driver instance 'i125'.
[EFX-0654 WARNING] (C:/Users/mwola/OneDrive/Coding/2020/HackFRee-Workshop-2020/PllClkExample/top.v 3) Breaking combinational loop on net 'clk_count[1]' with driver instance 'i115'.
[EFX-0654 WARNING] (C:/Users/mwola/OneDrive/Coding/2020/HackFRee-Workshop-2020/PllClkExample/top.v 3) Breaking combinational loop on net 'clk_count[0]' with driver instance 'i105'.
[EFX-0000 INFO] ... Check and break combinational loops end (Real time : 0s)
[EFX-0000 INFO] ... Top level netlist RUSHC IOs pre-synthesis begin
[EFX-0000 INFO] ... SOP modeling begin
[EFX-0000 INFO] ... SOP modeling end (Real time : 0s)
[EFX-0000 INFO] ... LUT mapping begin
[EFX-0000 INFO] ... LS, strategy: 3, nd: 79, ed: 312, lv: 2
[EFX-0000 INFO] ... LUT mapping end (Real time : 1s)
[EFX-0000 INFO] ... Post-synthesis Verific netlist creation begin
[EFX-0000 INFO] ... Post-synthesis Verific netlist creation end (Real time : 0s)
[EFX-0000 INFO] ... Top level netlist RUSHC IOs pre-synthesis end (Real time : 1s)
[EFX-0000 INFO] ... Post-synthesis Verific netlist unification/params processing begin
[EFX-0000 INFO] ... Post-synthesis Verific netlist unification/params processing end (Real time : 0s)
[EFX-0000 INFO] Resource Summary 
[EFX-0000 INFO] =============================== 
[EFX-0000 INFO] EFX_ADD         : 	25
[EFX-0000 INFO] EFX_LUT4        : 	106
[EFX-0000 INFO] EFX_FF          : 	26
[EFX-0000 INFO] EFX_GBUFCE      : 	1
[EFX-0000 INFO] =============================== 
